 ⚠ Compiled with warnings in 103s

./node_modules/@opentelemetry/instrumentation/build/esm/platform/node/instrumentation.js
Critical dependency: the request of a dependency is an expression

Import trace for requested module:
./node_modules/@opentelemetry/instrumentation/build/esm/platform/node/instrumentation.js
./node_modules/@opentelemetry/instrumentation/build/esm/platform/node/index.js
./node_modules/@opentelemetry/instrumentation/build/esm/platform/index.js
./node_modules/@opentelemetry/instrumentation/build/esm/index.js
./node_modules/@opentelemetry/sdk-node/build/src/sdk.js
./node_modules/@opentelemetry/sdk-node/build/src/index.js
./node_modules/@genkit-ai/core/lib/tracing/node-telemetry-provider.js
./node_modules/@genkit-ai/core/lib/node.js
./node_modules/genkit/lib/common.js
./node_modules/genkit/lib/index.mjs
./src/ai/flows/linkedin-job-parse-flow.ts
./src/app/api/jobs/import/linkedin/route.ts

 ⚠ Using edge runtime on a page currently disables static generation for that page
[Genkit] WARNING: No API key found (GEMINI_API_KEY). AI features may fail.
[Genkit] WARNING: No API key found (GEMINI_API_KEY). AI features may fail.
[Genkit] WARNING: No API key found (GEMINI_API_KEY). AI features may fail.
